<?xml version="1.0" encoding="UTF-8"?>
<!-- Generated by org.testng.reporters.JUnitReportReporter -->
<testsuite hostname="DESKTOP-JFFDUU0" failures="3" tests="10" name="com.urbanladder.Runner.TestRunner" time="72.751" errors="0" timestamp="2025-03-19T20:02:20 IST" skipped="0">
  <testcase classname="com.urbanladder.Runner.TestRunner" name="runScenario" time="1.725">
    <failure message="Login failed! Incorrect email or password." type="java.lang.AssertionError">
      <![CDATA[java.lang.AssertionError: Login failed! Incorrect email or password.
at org.junit.Assert.fail(Assert.java:89)
at org.junit.Assert.assertTrue(Assert.java:42)
at com.urbanladder.StepDefinition.UserRegistrationStepDef.i_should_see(UserRegistrationStepDef.java:123)
at ✽.I should see "<message>"(file:///C:/Users/user/eclipse-workspace/com.UrbanLadder3/src/test/resources/features/Login.feature:42)
]]>
    </failure>
  </testcase> <!-- runScenario -->
  <testcase classname="com.urbanladder.Runner.TestRunner" name="runScenario" time="7.106"/>
  <testcase classname="com.urbanladder.Runner.TestRunner" name="runScenario" time="0.790"/>
  <testcase classname="com.urbanladder.Runner.TestRunner" name="runScenario" time="6.083"/>
  <testcase classname="com.urbanladder.Runner.TestRunner" name="runScenario" time="2.988"/>
  <testcase classname="com.urbanladder.Runner.TestRunner" name="runScenario" time="1.620">
    <failure message="Login failed! Incorrect email or password." type="java.lang.AssertionError">
      <![CDATA[java.lang.AssertionError: Login failed! Incorrect email or password.
at org.junit.Assert.fail(Assert.java:89)
at org.junit.Assert.assertTrue(Assert.java:42)
at com.urbanladder.StepDefinition.UserRegistrationStepDef.i_should_see(UserRegistrationStepDef.java:123)
at ✽.I should see "<message>"(file:///C:/Users/user/eclipse-workspace/com.UrbanLadder3/src/test/resources/features/Login.feature:42)
]]>
    </failure>
  </testcase> <!-- runScenario -->
  <testcase classname="com.urbanladder.Runner.TestRunner" name="runScenario" time="1.610"/>
  <testcase classname="com.urbanladder.Runner.TestRunner" name="runScenario" time="19.696"/>
  <testcase classname="com.urbanladder.Runner.TestRunner" name="runScenario" time="29.452"/>
  <testcase classname="com.urbanladder.Runner.TestRunner" name="runScenario" time="1.681">
    <failure message="Login failed! Incorrect email or password." type="java.lang.AssertionError">
      <![CDATA[java.lang.AssertionError: Login failed! Incorrect email or password.
at org.junit.Assert.fail(Assert.java:89)
at org.junit.Assert.assertTrue(Assert.java:42)
at com.urbanladder.StepDefinition.UserRegistrationStepDef.i_should_see(UserRegistrationStepDef.java:123)
at ✽.I should see "<message>"(file:///C:/Users/user/eclipse-workspace/com.UrbanLadder3/src/test/resources/features/Login.feature:42)
]]>
    </failure>
  </testcase> <!-- runScenario -->
</testsuite> <!-- com.urbanladder.Runner.TestRunner -->
