<?xml version="1.0" encoding="UTF-8"?>
<!-- Generated by org.testng.reporters.JUnitReportReporter -->
<testsuite hostname="My-Desky" failures="0" tests="8" name="com.urbanladder.Runner.TestRunner" time="67.710" errors="0" timestamp="2025-03-21T13:29:01 IST" skipped="0">
  <testcase classname="com.urbanladder.Runner.TestRunner" name="runScenario" time="1.391"/>
  <testcase classname="com.urbanladder.Runner.TestRunner" name="runScenario" time="15.947"/>
  <testcase classname="com.urbanladder.Runner.TestRunner" name="runScenario" time="28.451"/>
  <testcase classname="com.urbanladder.Runner.TestRunner" name="runScenario" time="10.719"/>
  <testcase classname="com.urbanladder.Runner.TestRunner" name="runScenario" time="3.414"/>
  <testcase classname="com.urbanladder.Runner.TestRunner" name="runScenario" time="5.264"/>
  <testcase classname="com.urbanladder.Runner.TestRunner" name="runScenario" time="0.285"/>
  <testcase classname="com.urbanladder.Runner.TestRunner" name="runScenario" time="2.239"/>
</testsuite> <!-- com.urbanladder.Runner.TestRunner -->
